Error in file(filename, "r", encoding = encoding) : 
  cannot open the connection
Calls: source -> file
In addition: Warning message:
In file(filename, "r", encoding = encoding) :
  cannot open file 'web_scraping.r': No such file or directory
Execution halted
Loading required package: xml2
-- Attaching packages --------------------------------------- tidyverse 1.3.0 --
v ggplot2 3.3.0     v purrr   0.3.3
v tibble  2.1.3     v dplyr   0.8.5
v tidyr   1.0.2     v stringr 1.4.0
v readr   1.3.1     v forcats 0.5.0
-- Conflicts ------------------------------------------ tidyverse_conflicts() --
x dplyr::filter()         masks stats::filter()
x readr::guess_encoding() masks rvest::guess_encoding()
x dplyr::lag()            masks stats::lag()
x purrr::pluck()          masks rvest::pluck()
Warning messages:
1: package 'rvest' was built under R version 3.6.3 
2: package 'xml2' was built under R version 3.6.3 
3: package 'tidyverse' was built under R version 3.6.3 
4: package 'ggplot2' was built under R version 3.6.3 
5: package 'dplyr' was built under R version 3.6.3 
6: package 'forcats' was built under R version 3.6.3 
Error in file(filename, "r", encoding = encoding) : 
  cannot open the connection
Calls: source -> file
In addition: Warning message:
In file(filename, "r", encoding = encoding) :
  cannot open file 'C:/Users/laras/Documents/R/Projects/covid19_india.data_munging.r': No such file or directory
Execution halted
Loading required package: xml2
-- Attaching packages --------------------------------------- tidyverse 1.3.0 --
v ggplot2 3.3.0     v purrr   0.3.3
v tibble  2.1.3     v dplyr   0.8.5
v tidyr   1.0.2     v stringr 1.4.0
v readr   1.3.1     v forcats 0.5.0
-- Conflicts ------------------------------------------ tidyverse_conflicts() --
x dplyr::filter()         masks stats::filter()
x readr::guess_encoding() masks rvest::guess_encoding()
x dplyr::lag()            masks stats::lag()
x purrr::pluck()          masks rvest::pluck()
Warning messages:
1: package 'rvest' was built under R version 3.6.3 
2: package 'xml2' was built under R version 3.6.3 
3: package 'tidyverse' was built under R version 3.6.3 
4: package 'ggplot2' was built under R version 3.6.3 
5: package 'dplyr' was built under R version 3.6.3 
6: package 'forcats' was built under R version 3.6.3 
Warning message:
NAs introduced by coercion 
Loading required package: xml2
-- Attaching packages --------------------------------------- tidyverse 1.3.0 --
v ggplot2 3.3.0     v purrr   0.3.3
v tibble  2.1.3     v dplyr   0.8.5
v tidyr   1.0.2     v stringr 1.4.0
v readr   1.3.1     v forcats 0.5.0
-- Conflicts ------------------------------------------ tidyverse_conflicts() --
x dplyr::filter()         masks stats::filter()
x readr::guess_encoding() masks rvest::guess_encoding()
x dplyr::lag()            masks stats::lag()
x purrr::pluck()          masks rvest::pluck()
Warning messages:
1: package 'rvest' was built under R version 3.6.3 
2: package 'xml2' was built under R version 3.6.3 
3: package 'tidyverse' was built under R version 3.6.3 
4: package 'ggplot2' was built under R version 3.6.3 
5: package 'dplyr' was built under R version 3.6.3 
6: package 'forcats' was built under R version 3.6.3 
Parsed with column specification:
cols(
  rowid = col_double(),
  state = col_character(),
  confirmed = col_double(),
  recovered = col_double(),
  dead = col_double(),
  active = col_double(),
  date = col_character()
)
Parsed with column specification:
cols(
  rowid = col_double(),
  state = col_character(),
  confirmed = col_double(),
  recovered = col_double(),
  dead = col_double(),
  active = col_double(),
  date = col_character()
)
Warning message:
NAs introduced by coercion 
Loading required package: xml2
-- Attaching packages --------------------------------------- tidyverse 1.3.0 --
v ggplot2 3.3.0     v purrr   0.3.3
v tibble  2.1.3     v dplyr   0.8.5
v tidyr   1.0.2     v stringr 1.4.0
v readr   1.3.1     v forcats 0.5.0
-- Conflicts ------------------------------------------ tidyverse_conflicts() --
x dplyr::filter()         masks stats::filter()
x readr::guess_encoding() masks rvest::guess_encoding()
x dplyr::lag()            masks stats::lag()
x purrr::pluck()          masks rvest::pluck()
Warning messages:
1: package 'rvest' was built under R version 3.6.3 
2: package 'xml2' was built under R version 3.6.3 
3: package 'tidyverse' was built under R version 3.6.3 
4: package 'ggplot2' was built under R version 3.6.3 
5: package 'dplyr' was built under R version 3.6.3 
6: package 'forcats' was built under R version 3.6.3 
Parsed with column specification:
cols(
  rowid = col_double(),
  state = col_character(),
  confirmed = col_double(),
  recovered = col_double(),
  dead = col_double(),
  active = col_double(),
  date = col_date(format = "")
)
Parsed with column specification:
cols(
  rowid = col_double(),
  state = col_character(),
  confirmed = col_double(),
  recovered = col_double(),
  dead = col_double(),
  active = col_double(),
  date = col_date(format = "")
)
Warning message:
NAs introduced by coercion 
Loading required package: xml2
-- Attaching packages --------------------------------------- tidyverse 1.3.0 --
v ggplot2 3.3.0     v purrr   0.3.3
v tibble  2.1.3     v dplyr   0.8.5
v tidyr   1.0.2     v stringr 1.4.0
v readr   1.3.1     v forcats 0.5.0
-- Conflicts ------------------------------------------ tidyverse_conflicts() --
x dplyr::filter()         masks stats::filter()
x readr::guess_encoding() masks rvest::guess_encoding()
x dplyr::lag()            masks stats::lag()
x purrr::pluck()          masks rvest::pluck()
Warning messages:
1: package 'rvest' was built under R version 3.6.3 
2: package 'xml2' was built under R version 3.6.3 
3: package 'tidyverse' was built under R version 3.6.3 
4: package 'ggplot2' was built under R version 3.6.3 
5: package 'dplyr' was built under R version 3.6.3 
6: package 'forcats' was built under R version 3.6.3 
Parsed with column specification:
cols(
  rowid = col_double(),
  state = col_character(),
  confirmed = col_double(),
  recovered = col_double(),
  dead = col_double(),
  active = col_double(),
  date = col_date(format = "")
)
Parsed with column specification:
cols(
  rowid = col_double(),
  state = col_character(),
  confirmed = col_double(),
  recovered = col_double(),
  dead = col_double(),
  active = col_double(),
  date = col_date(format = "")
)
Error: Each row of output must be identified by a unique combination of keys.
Keys are shared for 256 rows:
* 595, 628
* 100, 133
* 430, 463
* 265, 298
* 596, 629
* 101, 134
* 431, 464
* 266, 299
* 597, 630
* 102, 135
* 432, 465
* 267, 300
* 598, 631
* 103, 136
* 433, 466
* 268, 301
* 599, 632
* 104, 137
* 434, 467
* 269, 302
* 600, 633
* 105, 138
* 435, 468
* 270, 303
* 601, 634
* 106, 139
* 436, 469
* 271, 304
* 602, 635
* 107, 140
* 437, 470
* 272, 305
* 603, 636
* 108, 141
* 438, 471
* 273, 306
* 604, 637
* 109, 142
* 439, 472
* 274, 307
* 605, 638
* 110, 143
* 440, 473
* 275, 308
* 606, 639
* 111, 144
* 441, 474
* 276, 309
* 607, 640
* 112, 145
* 442, 475
* 277, 310
* 608, 641
* 113, 146
* 443, 476
* 278, 311
* 609, 642
* 114, 147
* 444, 477
* 279, 312
* 610, 643
* 115, 148
* 445, 478
* 280, 313
* 611, 644
* 116, 149
* 446, 479
* 281, 314
* 612, 645
* 117, 150
* 447, 480
* 282, 315
* 613, 646
* 118, 151
* 448, 481
* 283, 316
* 614, 647
* 119, 152
* 449, 482
* 284, 317
* 615, 648
In addition: Warning message:
NAs introduced by coercion 
Execution halted
Loading required package: xml2
-- Attaching packages --------------------------------------- tidyverse 1.3.0 --
v ggplot2 3.3.0     v purrr   0.3.3
v tibble  2.1.3     v dplyr   0.8.5
v tidyr   1.0.2     v stringr 1.4.0
v readr   1.3.1     v forcats 0.5.0
-- Conflicts ------------------------------------------ tidyverse_conflicts() --
x dplyr::filter()         masks stats::filter()
x readr::guess_encoding() masks rvest::guess_encoding()
x dplyr::lag()            masks stats::lag()
x purrr::pluck()          masks rvest::pluck()
Error in open.connection(x, "rb") : 
  Timeout was reached: [www.mohfw.gov.in] Operation timed out after 278749 milliseconds with 0 out of 0 bytes received
Calls: source ... withVisible -> eval -> eval -> read_html -> read_html.default
In addition: Warning messages:
1: package 'rvest' was built under R version 3.6.3 
2: package 'xml2' was built under R version 3.6.3 
3: package 'tidyverse' was built under R version 3.6.3 
4: package 'ggplot2' was built under R version 3.6.3 
5: package 'dplyr' was built under R version 3.6.3 
6: package 'forcats' was built under R version 3.6.3 
Execution halted
Loading required package: xml2
-- Attaching packages --------------------------------------- tidyverse 1.3.0 --
v ggplot2 3.3.0     v purrr   0.3.3
v tibble  2.1.3     v dplyr   0.8.5
v tidyr   1.0.2     v stringr 1.4.0
v readr   1.3.1     v forcats 0.5.0
-- Conflicts ------------------------------------------ tidyverse_conflicts() --
x dplyr::filter()         masks stats::filter()
x readr::guess_encoding() masks rvest::guess_encoding()
x dplyr::lag()            masks stats::lag()
x purrr::pluck()          masks rvest::pluck()
Warning messages:
1: package 'rvest' was built under R version 3.6.3 
2: package 'xml2' was built under R version 3.6.3 
3: package 'tidyverse' was built under R version 3.6.3 
4: package 'ggplot2' was built under R version 3.6.3 
5: package 'dplyr' was built under R version 3.6.3 
6: package 'forcats' was built under R version 3.6.3 
Error: Can't rename columns that don't exist.
x The column `Total Confirmed cases (Including 76 foreign Nationals)` doesn't exist.
Backtrace:
     x
  1. +-base::source("C:/Users/laras/Documents/R/Projects/covid19_india/data_munging.r")
  2. | +-base::withVisible(eval(ei, envir))
  3. | \-base::eval(ei, envir)
  4. |   \-base::eval(ei, envir)
  5. +-`%>%`(...)
  6. | +-base::withVisible(eval(quote(`_fseq`(`_lhs`)), env, env))
  7. | \-base::eval(quote(`_fseq`(`_lhs`)), env, env)
  8. |   \-base::eval(quote(`_fseq`(`_lhs`)), env, env)
  9. |     \-`_fseq`(`_lhs`)
 10. |       \-magrittr::freduce(value, `_function_list`)
 11. |         \-function_list[[i]](value)
 12. |           +-dplyr::rename(...)
 13. |           \-dplyr:::rename.data.frame(...)
 14. |             \-tidyselect::vars_rename(names(.data), !!!enquos(...))
 15. |               \-tidyselect:::rename_impl(NULL, .vars, quo(c(...)), strict = .strict)
 16. |                 \-tidyselect:::eval_select_impl(...)
 17. |        
Execution halted
Loading required package: xml2
-- Attaching packages --------------------------------------- tidyverse 1.3.0 --
v ggplot2 3.3.0     v purrr   0.3.3
v tibble  2.1.3     v dplyr   0.8.5
v tidyr   1.0.2     v stringr 1.4.0
v readr   1.3.1     v forcats 0.5.0
-- Conflicts ------------------------------------------ tidyverse_conflicts() --
x dplyr::filter()         masks stats::filter()
x readr::guess_encoding() masks rvest::guess_encoding()
x dplyr::lag()            masks stats::lag()
x purrr::pluck()          masks rvest::pluck()
Warning messages:
1: package 'rvest' was built under R version 3.6.3 
2: package 'xml2' was built under R version 3.6.3 
3: package 'tidyverse' was built under R version 3.6.3 
4: package 'ggplot2' was built under R version 3.6.3 
5: package 'dplyr' was built under R version 3.6.3 
6: package 'forcats' was built under R version 3.6.3 
Error: Can't rename columns that don't exist.
x The column `Total Confirmed cases (Including 76 foreign Nationals)` doesn't exist.
Backtrace:
     x
  1. +-base::source("C:/Users/laras/Documents/R/Projects/covid19_india/data_munging.r")
  2. | +-base::withVisible(eval(ei, envir))
  3. | \-base::eval(ei, envir)
  4. |   \-base::eval(ei, envir)
  5. +-`%>%`(...)
  6. | +-base::withVisible(eval(quote(`_fseq`(`_lhs`)), env, env))
  7. | \-base::eval(quote(`_fseq`(`_lhs`)), env, env)
  8. |   \-base::eval(quote(`_fseq`(`_lhs`)), env, env)
  9. |     \-`_fseq`(`_lhs`)
 10. |       \-magrittr::freduce(value, `_function_list`)
 11. |         \-function_list[[i]](value)
 12. |           +-dplyr::rename(...)
 13. |           \-dplyr:::rename.data.frame(...)
 14. |             \-tidyselect::vars_rename(names(.data), !!!enquos(...))
 15. |               \-tidyselect:::rename_impl(NULL, .vars, quo(c(...)), strict = .strict)
 16. |                 \-tidyselect:::eval_select_impl(...)
 17. |        
Execution halted
Loading required package: xml2
-- Attaching packages --------------------------------------- tidyverse 1.3.0 --
v ggplot2 3.3.0     v purrr   0.3.3
v tibble  2.1.3     v dplyr   0.8.5
v tidyr   1.0.2     v stringr 1.4.0
v readr   1.3.1     v forcats 0.5.0
-- Conflicts ------------------------------------------ tidyverse_conflicts() --
x dplyr::filter()         masks stats::filter()
x readr::guess_encoding() masks rvest::guess_encoding()
x dplyr::lag()            masks stats::lag()
x purrr::pluck()          masks rvest::pluck()
Warning messages:
1: package 'rvest' was built under R version 3.6.3 
2: package 'xml2' was built under R version 3.6.3 
3: package 'tidyverse' was built under R version 3.6.3 
4: package 'ggplot2' was built under R version 3.6.3 
5: package 'dplyr' was built under R version 3.6.3 
6: package 'forcats' was built under R version 3.6.3 
Error: Can't rename columns that don't exist.
x The column `Total Confirmed cases (Including 76 foreign Nationals)` doesn't exist.
Backtrace:
     x
  1. +-base::source("C:/Users/laras/Documents/R/Projects/covid19_india/data_munging.r")
  2. | +-base::withVisible(eval(ei, envir))
  3. | \-base::eval(ei, envir)
  4. |   \-base::eval(ei, envir)
  5. +-`%>%`(...)
  6. | +-base::withVisible(eval(quote(`_fseq`(`_lhs`)), env, env))
  7. | \-base::eval(quote(`_fseq`(`_lhs`)), env, env)
  8. |   \-base::eval(quote(`_fseq`(`_lhs`)), env, env)
  9. |     \-`_fseq`(`_lhs`)
 10. |       \-magrittr::freduce(value, `_function_list`)
 11. |         \-function_list[[i]](value)
 12. |           +-dplyr::rename(...)
 13. |           \-dplyr:::rename.data.frame(...)
 14. |             \-tidyselect::vars_rename(names(.data), !!!enquos(...))
 15. |               \-tidyselect:::rename_impl(NULL, .vars, quo(c(...)), strict = .strict)
 16. |                 \-tidyselect:::eval_select_impl(...)
 17. |        
Execution halted
Loading required package: xml2
-- Attaching packages --------------------------------------- tidyverse 1.3.0 --
v ggplot2 3.3.0     v purrr   0.3.3
v tibble  2.1.3     v dplyr   0.8.5
v tidyr   1.0.2     v stringr 1.4.0
v readr   1.3.1     v forcats 0.5.0
-- Conflicts ------------------------------------------ tidyverse_conflicts() --
x dplyr::filter()         masks stats::filter()
x readr::guess_encoding() masks rvest::guess_encoding()
x dplyr::lag()            masks stats::lag()
x purrr::pluck()          masks rvest::pluck()
Warning messages:
1: package 'rvest' was built under R version 3.6.3 
2: package 'xml2' was built under R version 3.6.3 
3: package 'tidyverse' was built under R version 3.6.3 
4: package 'ggplot2' was built under R version 3.6.3 
5: package 'dplyr' was built under R version 3.6.3 
6: package 'forcats' was built under R version 3.6.3 
Error: Can't rename columns that don't exist.
x The column `Total Confirmed cases (Including 76 foreign Nationals)` doesn't exist.
Backtrace:
     x
  1. +-base::source("C:/Users/laras/Documents/R/Projects/covid19_india/data_munging.r")
  2. | +-base::withVisible(eval(ei, envir))
  3. | \-base::eval(ei, envir)
  4. |   \-base::eval(ei, envir)
  5. +-`%>%`(...)
  6. | +-base::withVisible(eval(quote(`_fseq`(`_lhs`)), env, env))
  7. | \-base::eval(quote(`_fseq`(`_lhs`)), env, env)
  8. |   \-base::eval(quote(`_fseq`(`_lhs`)), env, env)
  9. |     \-`_fseq`(`_lhs`)
 10. |       \-magrittr::freduce(value, `_function_list`)
 11. |         \-function_list[[i]](value)
 12. |           +-dplyr::rename(...)
 13. |           \-dplyr:::rename.data.frame(...)
 14. |             \-tidyselect::vars_rename(names(.data), !!!enquos(...))
 15. |               \-tidyselect:::rename_impl(NULL, .vars, quo(c(...)), strict = .strict)
 16. |                 \-tidyselect:::eval_select_impl(...)
 17. |        
Execution halted
Loading required package: xml2
-- Attaching packages --------------------------------------- tidyverse 1.3.0 --
v ggplot2 3.3.0     v purrr   0.3.3
v tibble  2.1.3     v dplyr   0.8.5
v tidyr   1.0.2     v stringr 1.4.0
v readr   1.3.1     v forcats 0.5.0
-- Conflicts ------------------------------------------ tidyverse_conflicts() --
x dplyr::filter()         masks stats::filter()
x readr::guess_encoding() masks rvest::guess_encoding()
x dplyr::lag()            masks stats::lag()
x purrr::pluck()          masks rvest::pluck()
Warning messages:
1: package 'rvest' was built under R version 3.6.3 
2: package 'xml2' was built under R version 3.6.3 
3: package 'tidyverse' was built under R version 3.6.3 
4: package 'ggplot2' was built under R version 3.6.3 
5: package 'dplyr' was built under R version 3.6.3 
6: package 'forcats' was built under R version 3.6.3 
Error: Can't rename columns that don't exist.
x The column `Total Confirmed cases (Including 76 foreign Nationals)` doesn't exist.
Backtrace:
     x
  1. +-base::source("C:/Users/laras/Documents/R/Projects/covid19_india/data_munging.r")
  2. | +-base::withVisible(eval(ei, envir))
  3. | \-base::eval(ei, envir)
  4. |   \-base::eval(ei, envir)
  5. +-`%>%`(...)
  6. | +-base::withVisible(eval(quote(`_fseq`(`_lhs`)), env, env))
  7. | \-base::eval(quote(`_fseq`(`_lhs`)), env, env)
  8. |   \-base::eval(quote(`_fseq`(`_lhs`)), env, env)
  9. |     \-`_fseq`(`_lhs`)
 10. |       \-magrittr::freduce(value, `_function_list`)
 11. |         \-function_list[[i]](value)
 12. |           +-dplyr::rename(...)
 13. |           \-dplyr:::rename.data.frame(...)
 14. |             \-tidyselect::vars_rename(names(.data), !!!enquos(...))
 15. |               \-tidyselect:::rename_impl(NULL, .vars, quo(c(...)), strict = .strict)
 16. |                 \-tidyselect:::eval_select_impl(...)
 17. |        
Execution halted
Loading required package: xml2
-- Attaching packages --------------------------------------- tidyverse 1.3.0 --
v ggplot2 3.3.0     v purrr   0.3.3
v tibble  2.1.3     v dplyr   0.8.5
v tidyr   1.0.2     v stringr 1.4.0
v readr   1.3.1     v forcats 0.5.0
-- Conflicts ------------------------------------------ tidyverse_conflicts() --
x dplyr::filter()         masks stats::filter()
x readr::guess_encoding() masks rvest::guess_encoding()
x dplyr::lag()            masks stats::lag()
x purrr::pluck()          masks rvest::pluck()
Warning messages:
1: package 'rvest' was built under R version 3.6.3 
2: package 'xml2' was built under R version 3.6.3 
3: package 'tidyverse' was built under R version 3.6.3 
4: package 'ggplot2' was built under R version 3.6.3 
5: package 'dplyr' was built under R version 3.6.3 
6: package 'forcats' was built under R version 3.6.3 
Error: Can't rename columns that don't exist.
x The column `Total Confirmed cases (Including 76 foreign Nationals)` doesn't exist.
Backtrace:
     x
  1. +-base::source("C:/Users/laras/Documents/R/Projects/covid19_india/data_munging.r")
  2. | +-base::withVisible(eval(ei, envir))
  3. | \-base::eval(ei, envir)
  4. |   \-base::eval(ei, envir)
  5. +-`%>%`(...)
  6. | +-base::withVisible(eval(quote(`_fseq`(`_lhs`)), env, env))
  7. | \-base::eval(quote(`_fseq`(`_lhs`)), env, env)
  8. |   \-base::eval(quote(`_fseq`(`_lhs`)), env, env)
  9. |     \-`_fseq`(`_lhs`)
 10. |       \-magrittr::freduce(value, `_function_list`)
 11. |         \-function_list[[i]](value)
 12. |           +-dplyr::rename(...)
 13. |           \-dplyr:::rename.data.frame(...)
 14. |             \-tidyselect::vars_rename(names(.data), !!!enquos(...))
 15. |               \-tidyselect:::rename_impl(NULL, .vars, quo(c(...)), strict = .strict)
 16. |                 \-tidyselect:::eval_select_impl(...)
 17. |        
Execution halted
